[2.027s] DEBUG:colcon:Command line arguments: ['/usr/bin/colcon', 'build', '--packages-select', '--symlink-install']
[2.027s] DEBUG:colcon:Parsed command line arguments: Namespace(log_base=None, log_level=None, verb_name='build', build_base='build', install_base='install', merge_install=False, symlink_install=True, test_result_base=None, continue_on_error=False, executor='parallel', parallel_workers=12, event_handlers=None, ignore_user_meta=False, metas=['./colcon.meta'], base_paths=['.'], packages_ignore=None, packages_ignore_regex=None, paths=None, packages_up_to=None, packages_up_to_regex=None, packages_above=None, packages_above_and_dependencies=None, packages_above_depth=None, packages_select_by_dep=None, packages_skip_by_dep=None, packages_skip_up_to=None, packages_select_build_failed=False, packages_skip_build_finished=False, packages_select_test_failures=False, packages_skip_test_passed=False, packages_select=[], packages_skip=None, packages_select_regex=None, packages_skip_regex=None, packages_start=None, packages_end=None, allow_overriding=[], cmake_args=None, cmake_target=None, cmake_target_skip_unavailable=False, cmake_clean_cache=False, cmake_clean_first=False, cmake_force_configure=False, ament_cmake_args=None, catkin_cmake_args=None, catkin_skip_building_tests=False, mixin_files=None, mixin=None, verb_parser=<colcon_mixin.mixin.mixin_argument.MixinArgumentDecorator object at 0x7fba4b3878b0>, verb_extension=<colcon_core.verb.build.BuildVerb object at 0x7fba4b384610>, main=<bound method BuildVerb.main of <colcon_core.verb.build.BuildVerb object at 0x7fba4b384610>>, mixin_verb=('build',))
[2.149s] Level 1:colcon.colcon_core.package_discovery:discover_packages(colcon_meta) check parameters
[2.149s] Level 1:colcon.colcon_core.package_discovery:discover_packages(recursive) check parameters
[2.149s] Level 1:colcon.colcon_core.package_discovery:discover_packages(ignore) check parameters
[2.149s] Level 1:colcon.colcon_core.package_discovery:discover_packages(path) check parameters
[2.149s] Level 1:colcon.colcon_core.package_discovery:discover_packages(colcon_meta) discover
[2.149s] Level 1:colcon.colcon_core.package_discovery:discover_packages(recursive) discover
[2.149s] INFO:colcon.colcon_core.package_discovery:Crawling recursively for packages in '/home/aro/ros2_ws/src/erob_pkg'
[2.149s] Level 1:colcon.colcon_core.package_identification:_identify(.) by extensions ['ignore', 'ignore_ament_install']
[2.149s] Level 1:colcon.colcon_core.package_identification:_identify(.) by extension 'ignore'
[2.149s] Level 1:colcon.colcon_core.package_identification:_identify(.) by extension 'ignore_ament_install'
[2.149s] Level 1:colcon.colcon_core.package_identification:_identify(.) by extensions ['colcon_pkg']
[2.149s] Level 1:colcon.colcon_core.package_identification:_identify(.) by extension 'colcon_pkg'
[2.149s] Level 1:colcon.colcon_core.package_identification:_identify(.) by extensions ['colcon_meta']
[2.149s] Level 1:colcon.colcon_core.package_identification:_identify(.) by extension 'colcon_meta'
[2.149s] Level 1:colcon.colcon_core.package_identification:_identify(.) by extensions ['ros']
[2.149s] Level 1:colcon.colcon_core.package_identification:_identify(.) by extension 'ros'
[2.174s] DEBUG:colcon.colcon_core.package_identification:Package '.' with type 'ros.ament_python' and name 'erob_pkg'
[2.174s] Level 1:colcon.colcon_core.package_discovery:discover_packages(recursive) using defaults
[2.174s] Level 1:colcon.colcon_core.package_discovery:discover_packages(ignore) discover
[2.174s] Level 1:colcon.colcon_core.package_discovery:discover_packages(ignore) using defaults
[2.174s] Level 1:colcon.colcon_core.package_discovery:discover_packages(path) discover
[2.174s] Level 1:colcon.colcon_core.package_discovery:discover_packages(path) using defaults
[2.259s] INFO:colcon.colcon_core.package_selection:Skipping not selected package 'erob_pkg' in '.'
[2.292s] Level 1:colcon.colcon_core.package_discovery:discover_packages(prefix_path) check parameters
[2.292s] Level 1:colcon.colcon_core.package_discovery:discover_packages(prefix_path) discover
[2.349s] DEBUG:colcon.colcon_installed_package_information.package_discovery:Found 70 installed packages in /home/aro/ws_moveit/install
[2.367s] DEBUG:colcon.colcon_installed_package_information.package_discovery:Found 61 installed packages in /home/aro/ros2_ws/install
[2.385s] DEBUG:colcon.colcon_installed_package_information.package_discovery:Found 332 installed packages in /opt/ros/iron
[2.387s] Level 1:colcon.colcon_core.package_discovery:discover_packages(prefix_path) using defaults
[2.565s] INFO:colcon.colcon_core.executor:Executing jobs using 'parallel' executor
[2.584s] DEBUG:colcon.colcon_parallel_executor.executor.parallel:run_until_complete
[2.584s] DEBUG:colcon.colcon_parallel_executor.executor.parallel:closing loop
[2.584s] DEBUG:colcon.colcon_parallel_executor.executor.parallel:loop closed
[2.584s] DEBUG:colcon.colcon_parallel_executor.executor.parallel:run_until_complete finished with '0'
[2.584s] DEBUG:colcon.colcon_core.event_reactor:joining thread
[2.614s] INFO:colcon.colcon_core.plugin_system:Skipping extension 'colcon_notification.desktop_notification.terminal_notifier': Not used on non-Darwin systems
[2.615s] INFO:colcon.colcon_core.plugin_system:Skipping extension 'colcon_notification.desktop_notification.win32': Not used on non-Windows systems
[2.615s] INFO:colcon.colcon_notification.desktop_notification:Sending desktop notification using 'notify2'
[2.615s] DEBUG:colcon.colcon_notification.desktop_notification.notify2:Failed to initialize notify2: org.freedesktop.DBus.Error.FileNotFound: Failed to connect to socket /run/user/1000/bus: No such file or directory
[2.615s] DEBUG:colcon.colcon_core.event_reactor:joined thread
[2.646s] INFO:colcon.colcon_core.plugin_system:Skipping extension 'colcon_core.shell.bat': Not used on non-Windows systems
[2.646s] INFO:colcon.colcon_core.shell:Creating prefix script '/home/aro/ros2_ws/src/erob_pkg/install/local_setup.ps1'
[2.648s] INFO:colcon.colcon_core.shell:Creating prefix util module '/home/aro/ros2_ws/src/erob_pkg/install/_local_setup_util_ps1.py'
[2.650s] INFO:colcon.colcon_core.shell:Creating prefix chain script '/home/aro/ros2_ws/src/erob_pkg/install/setup.ps1'
[2.673s] INFO:colcon.colcon_core.shell:Creating prefix script '/home/aro/ros2_ws/src/erob_pkg/install/local_setup.sh'
[2.674s] INFO:colcon.colcon_core.shell:Creating prefix util module '/home/aro/ros2_ws/src/erob_pkg/install/_local_setup_util_sh.py'
[2.675s] INFO:colcon.colcon_core.shell:Creating prefix chain script '/home/aro/ros2_ws/src/erob_pkg/install/setup.sh'
[2.698s] INFO:colcon.colcon_core.shell:Creating prefix script '/home/aro/ros2_ws/src/erob_pkg/install/local_setup.bash'
[2.699s] INFO:colcon.colcon_core.shell:Creating prefix chain script '/home/aro/ros2_ws/src/erob_pkg/install/setup.bash'
[2.723s] INFO:colcon.colcon_core.shell:Creating prefix script '/home/aro/ros2_ws/src/erob_pkg/install/local_setup.zsh'
[2.724s] INFO:colcon.colcon_core.shell:Creating prefix chain script '/home/aro/ros2_ws/src/erob_pkg/install/setup.zsh'
