[1.540s] DEBUG:colcon:Command line arguments: ['/usr/bin/colcon', 'build', '--packages-select', 'erob_pkg', '--symlink-install']
[1.540s] DEBUG:colcon:Parsed command line arguments: Namespace(log_base=None, log_level=None, verb_name='build', build_base='build', install_base='install', merge_install=False, symlink_install=True, test_result_base=None, continue_on_error=False, executor='parallel', parallel_workers=12, event_handlers=None, ignore_user_meta=False, metas=['./colcon.meta'], base_paths=['.'], packages_ignore=None, packages_ignore_regex=None, paths=None, packages_up_to=None, packages_up_to_regex=None, packages_above=None, packages_above_and_dependencies=None, packages_above_depth=None, packages_select_by_dep=None, packages_skip_by_dep=None, packages_skip_up_to=None, packages_select_build_failed=False, packages_skip_build_finished=False, packages_select_test_failures=False, packages_skip_test_passed=False, packages_select=['erob_pkg'], packages_skip=None, packages_select_regex=None, packages_skip_regex=None, packages_start=None, packages_end=None, allow_overriding=[], cmake_args=None, cmake_target=None, cmake_target_skip_unavailable=False, cmake_clean_cache=False, cmake_clean_first=False, cmake_force_configure=False, ament_cmake_args=None, catkin_cmake_args=None, catkin_skip_building_tests=False, mixin_files=None, mixin=None, verb_parser=<colcon_mixin.mixin.mixin_argument.MixinArgumentDecorator object at 0x7f0bc2c337c0>, verb_extension=<colcon_core.verb.build.BuildVerb object at 0x7f0bc2c30520>, main=<bound method BuildVerb.main of <colcon_core.verb.build.BuildVerb object at 0x7f0bc2c30520>>, mixin_verb=('build',))
[1.593s] Level 1:colcon.colcon_core.package_discovery:discover_packages(colcon_meta) check parameters
[1.593s] Level 1:colcon.colcon_core.package_discovery:discover_packages(recursive) check parameters
[1.593s] Level 1:colcon.colcon_core.package_discovery:discover_packages(ignore) check parameters
[1.593s] Level 1:colcon.colcon_core.package_discovery:discover_packages(path) check parameters
[1.593s] Level 1:colcon.colcon_core.package_discovery:discover_packages(colcon_meta) discover
[1.593s] Level 1:colcon.colcon_core.package_discovery:discover_packages(recursive) discover
[1.593s] INFO:colcon.colcon_core.package_discovery:Crawling recursively for packages in '/home/aro/ros2_ws/src/erob_pkg'
[1.593s] Level 1:colcon.colcon_core.package_identification:_identify(.) by extensions ['ignore', 'ignore_ament_install']
[1.593s] Level 1:colcon.colcon_core.package_identification:_identify(.) by extension 'ignore'
[1.593s] Level 1:colcon.colcon_core.package_identification:_identify(.) by extension 'ignore_ament_install'
[1.593s] Level 1:colcon.colcon_core.package_identification:_identify(.) by extensions ['colcon_pkg']
[1.593s] Level 1:colcon.colcon_core.package_identification:_identify(.) by extension 'colcon_pkg'
[1.593s] Level 1:colcon.colcon_core.package_identification:_identify(.) by extensions ['colcon_meta']
[1.594s] Level 1:colcon.colcon_core.package_identification:_identify(.) by extension 'colcon_meta'
[1.594s] Level 1:colcon.colcon_core.package_identification:_identify(.) by extensions ['ros']
[1.594s] Level 1:colcon.colcon_core.package_identification:_identify(.) by extension 'ros'
[1.604s] DEBUG:colcon.colcon_core.package_identification:Package '.' with type 'ros.ament_python' and name 'erob_pkg'
[1.604s] Level 1:colcon.colcon_core.package_discovery:discover_packages(recursive) using defaults
[1.604s] Level 1:colcon.colcon_core.package_discovery:discover_packages(ignore) discover
[1.604s] Level 1:colcon.colcon_core.package_discovery:discover_packages(ignore) using defaults
[1.604s] Level 1:colcon.colcon_core.package_discovery:discover_packages(path) discover
[1.604s] Level 1:colcon.colcon_core.package_discovery:discover_packages(path) using defaults
[1.706s] Level 1:colcon.colcon_core.package_discovery:discover_packages(prefix_path) check parameters
[1.706s] Level 1:colcon.colcon_core.package_discovery:discover_packages(prefix_path) discover
[1.746s] DEBUG:colcon.colcon_installed_package_information.package_discovery:Found 70 installed packages in /home/aro/ws_moveit/install
[1.765s] DEBUG:colcon.colcon_installed_package_information.package_discovery:Found 61 installed packages in /home/aro/ros2_ws/install
[1.782s] DEBUG:colcon.colcon_installed_package_information.package_discovery:Found 332 installed packages in /opt/ros/iron
[1.783s] Level 1:colcon.colcon_core.package_discovery:discover_packages(prefix_path) using defaults
[1.880s] Level 5:colcon.colcon_core.verb:set package 'erob_pkg' build argument 'cmake_args' from command line to 'None'
[1.881s] Level 5:colcon.colcon_core.verb:set package 'erob_pkg' build argument 'cmake_target' from command line to 'None'
[1.881s] Level 5:colcon.colcon_core.verb:set package 'erob_pkg' build argument 'cmake_target_skip_unavailable' from command line to 'False'
[1.881s] Level 5:colcon.colcon_core.verb:set package 'erob_pkg' build argument 'cmake_clean_cache' from command line to 'False'
[1.881s] Level 5:colcon.colcon_core.verb:set package 'erob_pkg' build argument 'cmake_clean_first' from command line to 'False'
[1.881s] Level 5:colcon.colcon_core.verb:set package 'erob_pkg' build argument 'cmake_force_configure' from command line to 'False'
[1.881s] Level 5:colcon.colcon_core.verb:set package 'erob_pkg' build argument 'ament_cmake_args' from command line to 'None'
[1.881s] Level 5:colcon.colcon_core.verb:set package 'erob_pkg' build argument 'catkin_cmake_args' from command line to 'None'
[1.881s] Level 5:colcon.colcon_core.verb:set package 'erob_pkg' build argument 'catkin_skip_building_tests' from command line to 'False'
[1.881s] DEBUG:colcon.colcon_core.verb:Building package 'erob_pkg' with the following arguments: {'ament_cmake_args': None, 'build_base': '/home/aro/ros2_ws/src/erob_pkg/build/erob_pkg', 'catkin_cmake_args': None, 'catkin_skip_building_tests': False, 'cmake_args': None, 'cmake_clean_cache': False, 'cmake_clean_first': False, 'cmake_force_configure': False, 'cmake_target': None, 'cmake_target_skip_unavailable': False, 'install_base': '/home/aro/ros2_ws/src/erob_pkg/install/erob_pkg', 'merge_install': False, 'path': '/home/aro/ros2_ws/src/erob_pkg', 'symlink_install': True, 'test_result_base': None}
[1.900s] INFO:colcon.colcon_core.executor:Executing jobs using 'parallel' executor
[1.918s] DEBUG:colcon.colcon_parallel_executor.executor.parallel:run_until_complete
[1.918s] INFO:colcon.colcon_ros.task.ament_python.build:Building ROS package in '/home/aro/ros2_ws/src/erob_pkg' with build type 'ament_python'
[1.919s] Level 1:colcon.colcon_core.shell:create_environment_hook('erob_pkg', 'ament_prefix_path')
[1.937s] INFO:colcon.colcon_core.plugin_system:Skipping extension 'colcon_core.shell.bat': Not used on non-Windows systems
[1.938s] INFO:colcon.colcon_core.shell:Creating environment hook '/home/aro/ros2_ws/src/erob_pkg/install/erob_pkg/share/erob_pkg/hook/ament_prefix_path.ps1'
[1.943s] INFO:colcon.colcon_core.shell:Creating environment descriptor '/home/aro/ros2_ws/src/erob_pkg/install/erob_pkg/share/erob_pkg/hook/ament_prefix_path.dsv'
[1.944s] INFO:colcon.colcon_core.shell:Creating environment hook '/home/aro/ros2_ws/src/erob_pkg/install/erob_pkg/share/erob_pkg/hook/ament_prefix_path.sh'
[1.963s] INFO:colcon.colcon_core.shell:Skip shell extension 'powershell' for command environment: Not usable outside of PowerShell
[1.963s] DEBUG:colcon.colcon_core.shell:Skip shell extension 'dsv' for command environment
[2.348s] INFO:colcon.colcon_core.task.python.build:Building Python package in '/home/aro/ros2_ws/src/erob_pkg'
[2.365s] INFO:colcon.colcon_core.shell:Skip shell extension 'powershell' for command environment: Not usable outside of PowerShell
[2.365s] DEBUG:colcon.colcon_core.shell:Skip shell extension 'dsv' for command environment
[3.135s] DEBUG:colcon.colcon_core.event_handler.log_command:Invoking command in '/home/aro/ros2_ws/src/erob_pkg/build/erob_pkg': PYTHONPATH=/home/aro/ros2_ws/src/erob_pkg/build/erob_pkg/prefix_override:/home/aro/ros2_ws/src/erob_pkg/install/erob_pkg/lib/python3.10/site-packages:${PYTHONPATH} /usr/bin/python3 setup.py develop --editable --build-directory /home/aro/ros2_ws/src/erob_pkg/build/erob_pkg/build --no-deps install_data
[3.649s] Level 1:colcon.colcon_core.shell:create_environment_hook('erob_pkg', 'pythonpath_develop')
[3.650s] DEBUG:colcon.colcon_core.event_handler.log_command:Invoked command in '/home/aro/ros2_ws/src/erob_pkg/build/erob_pkg' returned '0': PYTHONPATH=/home/aro/ros2_ws/src/erob_pkg/build/erob_pkg/prefix_override:/home/aro/ros2_ws/src/erob_pkg/install/erob_pkg/lib/python3.10/site-packages:${PYTHONPATH} /usr/bin/python3 setup.py develop --editable --build-directory /home/aro/ros2_ws/src/erob_pkg/build/erob_pkg/build --no-deps install_data
[3.667s] INFO:colcon.colcon_core.shell:Creating environment hook '/home/aro/ros2_ws/src/erob_pkg/build/erob_pkg/share/erob_pkg/hook/pythonpath_develop.ps1'
[3.668s] INFO:colcon.colcon_core.shell:Creating environment descriptor '/home/aro/ros2_ws/src/erob_pkg/build/erob_pkg/share/erob_pkg/hook/pythonpath_develop.dsv'
[3.669s] INFO:colcon.colcon_core.shell:Creating environment hook '/home/aro/ros2_ws/src/erob_pkg/build/erob_pkg/share/erob_pkg/hook/pythonpath_develop.sh'
[3.698s] Level 1:colcon.colcon_core.environment:checking '/home/aro/ros2_ws/src/erob_pkg/install/erob_pkg' for CMake module files
[3.698s] Level 1:colcon.colcon_core.environment:checking '/home/aro/ros2_ws/src/erob_pkg/install/erob_pkg' for CMake config files
[3.699s] Level 1:colcon.colcon_core.environment:checking '/home/aro/ros2_ws/src/erob_pkg/install/erob_pkg/lib'
[3.699s] Level 1:colcon.colcon_core.environment:checking '/home/aro/ros2_ws/src/erob_pkg/install/erob_pkg/bin'
[3.699s] Level 1:colcon.colcon_core.environment:checking '/home/aro/ros2_ws/src/erob_pkg/install/erob_pkg/lib/pkgconfig/erob_pkg.pc'
[3.699s] Level 1:colcon.colcon_core.environment:checking '/home/aro/ros2_ws/src/erob_pkg/install/erob_pkg/lib/python3.10/site-packages'
[3.699s] Level 1:colcon.colcon_core.shell:create_environment_hook('erob_pkg', 'pythonpath')
[3.716s] INFO:colcon.colcon_core.shell:Creating environment hook '/home/aro/ros2_ws/src/erob_pkg/install/erob_pkg/share/erob_pkg/hook/pythonpath.ps1'
[3.716s] INFO:colcon.colcon_core.shell:Creating environment descriptor '/home/aro/ros2_ws/src/erob_pkg/install/erob_pkg/share/erob_pkg/hook/pythonpath.dsv'
[3.717s] INFO:colcon.colcon_core.shell:Creating environment hook '/home/aro/ros2_ws/src/erob_pkg/install/erob_pkg/share/erob_pkg/hook/pythonpath.sh'
[3.717s] Level 1:colcon.colcon_core.environment:checking '/home/aro/ros2_ws/src/erob_pkg/install/erob_pkg/bin'
[3.717s] Level 1:colcon.colcon_core.environment:create_environment_scripts_only(erob_pkg)
[3.735s] INFO:colcon.colcon_core.shell:Creating package script '/home/aro/ros2_ws/src/erob_pkg/install/erob_pkg/share/erob_pkg/package.ps1'
[3.736s] INFO:colcon.colcon_core.shell:Creating package descriptor '/home/aro/ros2_ws/src/erob_pkg/install/erob_pkg/share/erob_pkg/package.dsv'
[3.737s] INFO:colcon.colcon_core.shell:Creating package script '/home/aro/ros2_ws/src/erob_pkg/install/erob_pkg/share/erob_pkg/package.sh'
[3.738s] INFO:colcon.colcon_core.shell:Creating package script '/home/aro/ros2_ws/src/erob_pkg/install/erob_pkg/share/erob_pkg/package.bash'
[3.739s] INFO:colcon.colcon_core.shell:Creating package script '/home/aro/ros2_ws/src/erob_pkg/install/erob_pkg/share/erob_pkg/package.zsh'
[3.740s] Level 1:colcon.colcon_core.environment:create_file_with_runtime_dependencies(/home/aro/ros2_ws/src/erob_pkg/install/erob_pkg/share/colcon-core/packages/erob_pkg)
[3.741s] DEBUG:colcon.colcon_parallel_executor.executor.parallel:closing loop
[3.741s] DEBUG:colcon.colcon_parallel_executor.executor.parallel:loop closed
[3.741s] DEBUG:colcon.colcon_parallel_executor.executor.parallel:run_until_complete finished with '0'
[3.741s] DEBUG:colcon.colcon_core.event_reactor:joining thread
[3.767s] INFO:colcon.colcon_core.plugin_system:Skipping extension 'colcon_notification.desktop_notification.terminal_notifier': Not used on non-Darwin systems
[3.768s] INFO:colcon.colcon_core.plugin_system:Skipping extension 'colcon_notification.desktop_notification.win32': Not used on non-Windows systems
[3.768s] INFO:colcon.colcon_notification.desktop_notification:Sending desktop notification using 'notify2'
[3.768s] DEBUG:colcon.colcon_notification.desktop_notification.notify2:Failed to initialize notify2: org.freedesktop.DBus.Error.FileNotFound: Failed to connect to socket /run/user/1000/bus: No such file or directory
[3.768s] DEBUG:colcon.colcon_core.event_reactor:joined thread
[3.785s] INFO:colcon.colcon_core.shell:Creating prefix script '/home/aro/ros2_ws/src/erob_pkg/install/local_setup.ps1'
[3.786s] INFO:colcon.colcon_core.shell:Creating prefix util module '/home/aro/ros2_ws/src/erob_pkg/install/_local_setup_util_ps1.py'
[3.787s] INFO:colcon.colcon_core.shell:Creating prefix chain script '/home/aro/ros2_ws/src/erob_pkg/install/setup.ps1'
[3.809s] INFO:colcon.colcon_core.shell:Creating prefix script '/home/aro/ros2_ws/src/erob_pkg/install/local_setup.sh'
[3.809s] INFO:colcon.colcon_core.shell:Creating prefix util module '/home/aro/ros2_ws/src/erob_pkg/install/_local_setup_util_sh.py'
[3.810s] INFO:colcon.colcon_core.shell:Creating prefix chain script '/home/aro/ros2_ws/src/erob_pkg/install/setup.sh'
[3.832s] INFO:colcon.colcon_core.shell:Creating prefix script '/home/aro/ros2_ws/src/erob_pkg/install/local_setup.bash'
[3.832s] INFO:colcon.colcon_core.shell:Creating prefix chain script '/home/aro/ros2_ws/src/erob_pkg/install/setup.bash'
[3.862s] INFO:colcon.colcon_core.shell:Creating prefix script '/home/aro/ros2_ws/src/erob_pkg/install/local_setup.zsh'
[3.862s] INFO:colcon.colcon_core.shell:Creating prefix chain script '/home/aro/ros2_ws/src/erob_pkg/install/setup.zsh'
